Top 20 Sort By Count
Count    Total      Mean    Stddev    Min  P50.0  P90.0  P95.0  P99.0    Max  2xx  3xx  4xx  5xx  Request
  110  328.546  2.986782  1.766368  0.064  3.368  4.999  5.825  6.623  6.759  104    0    6    0  GET /users/transactions.json HTTP/1.1
   61   14.286  0.234197  0.173115  0.066  0.172  0.516  0.547  0.672  0.672   53    0    8    0  POST /login HTTP/1.1
   53    9.541  0.180019  0.183789  0.003  0.110  0.470  0.508  0.575  0.575   53    0    0    0  GET /settings HTTP/1.1
   52    4.287  0.082442  0.179735  0.002  0.014  0.260  0.718  0.760  0.760   34    0   18    0  POST /sell HTTP/1.1
   52   48.055  0.924135  0.806172  0.001  1.627  1.645  1.684  1.712  1.712   27    0   25    0  POST /buy HTTP/1.1
   41   20.930  0.510488  0.394672  0.001  0.816  0.835  0.838  0.886  0.886   23    0   18    0  POST /ship_done HTTP/1.1
   38   19.322  0.508474  0.400683  0.001  0.821  0.845  0.856  0.865  0.865   26    0   12    0  POST /ship HTTP/1.1
   21   15.401  0.733381  0.309341  0.014  0.819  0.832  0.863  1.338  1.338   21    0    0    0  POST /complete HTTP/1.1
   18    4.345  0.241389  0.208094  0.062  0.160  0.644  0.826  0.826  0.826   18    0    0    0  GET /new_items/60.json HTTP/1.1
   16    2.540  0.158750  0.114166  0.061  0.113  0.394  0.409  0.409  0.409   16    0    0    0  GET /new_items/50.json HTTP/1.1
   16    2.290  0.143125  0.108614  0.045  0.107  0.221  0.522  0.522  0.522   16    0    0    0  GET /new_items/30.json HTTP/1.1
   14    5.281  0.377214  0.251662  0.094  0.441  0.752  0.907  0.907  0.907   14    0    0    0  GET /new_items/20.json HTTP/1.1
   13    4.637  0.356692  0.281280  0.081  0.181  0.851  0.854  0.854  0.854   13    0    0    0  GET /new_items.json HTTP/1.1
   13    0.651  0.050077  0.084583  0.005  0.025  0.058  0.338  0.338  0.338   13    0    0    0  POST /bump HTTP/1.1
   12    3.152  0.262667  0.408321  0.051  0.125  0.424  1.573  1.573  1.573   12    0    0    0  GET /new_items/1.json HTTP/1.1
   11    1.446  0.131455  0.034987  0.078  0.133  0.174  0.178  0.178  0.178   11    0    0    0  GET /new_items/40.json HTTP/1.1
   10    1.503  0.150300  0.104349  0.067  0.108  0.371  0.371  0.371  0.371   10    0    0    0  GET /new_items/10.json HTTP/1.1
   10    0.206  0.020600  0.030939  0.002  0.011  0.108  0.108  0.108  0.108   10    0    0    0  GET /items/50006.json HTTP/1.1
    9    0.029  0.003222  0.000416  0.003  0.003  0.004  0.004  0.004  0.004    9    0    0    0  GET /items/50003.json HTTP/1.1
    9    0.078  0.008667  0.002944  0.003  0.010  0.013  0.013  0.013  0.013    9    0    0    0  GET /items/50007.json HTTP/1.1

Top 20 Sort By Total
Count    Total      Mean    Stddev    Min  P50.0  P90.0  P95.0  P99.0    Max  2xx  3xx  4xx  5xx  Request
  110  328.546  2.986782  1.766368  0.064  3.368  4.999  5.825  6.623  6.759  104    0    6    0  GET /users/transactions.json HTTP/1.1
   52   48.055  0.924135  0.806172  0.001  1.627  1.645  1.684  1.712  1.712   27    0   25    0  POST /buy HTTP/1.1
   41   20.930  0.510488  0.394672  0.001  0.816  0.835  0.838  0.886  0.886   23    0   18    0  POST /ship_done HTTP/1.1
   38   19.322  0.508474  0.400683  0.001  0.821  0.845  0.856  0.865  0.865   26    0   12    0  POST /ship HTTP/1.1
   21   15.401  0.733381  0.309341  0.014  0.819  0.832  0.863  1.338  1.338   21    0    0    0  POST /complete HTTP/1.1
   61   14.286  0.234197  0.173115  0.066  0.172  0.516  0.547  0.672  0.672   53    0    8    0  POST /login HTTP/1.1
    2    9.918  4.959000  0.051000  4.908  5.010  5.010  5.010  5.010  5.010    2    0    0    0  GET /users/transactions.json?created_at=1565621372&item_id=46171 HTTP/1.1
   53    9.541  0.180019  0.183789  0.003  0.110  0.470  0.508  0.575  0.575   53    0    0    0  GET /settings HTTP/1.1
    2    8.415  4.207500  0.056500  4.151  4.264  4.264  4.264  4.264  4.264    2    0    0    0  GET /users/transactions.json?created_at=1565617293&item_id=42085 HTTP/1.1
    2    8.373  4.186500  0.009500  4.177  4.196  4.196  4.196  4.196  4.196    2    0    0    0  GET /users/transactions.json?created_at=1565608848&item_id=33643 HTTP/1.1
    1    6.927  6.927000  0.000000  6.927  6.927  6.927  6.927  6.927  6.927    1    0    0    0  POST /initialize HTTP/1.1
    2    6.880  3.440000  0.051000  3.389  3.491  3.491  3.491  3.491  3.491    2    0    0    0  GET /users/transactions.json?created_at=1565612863&item_id=37653 HTTP/1.1
    2    6.878  3.439000  0.101000  3.338  3.540  3.540  3.540  3.540  3.540    2    0    0    0  GET /users/transactions.json?created_at=1565621412&item_id=46211 HTTP/1.1
   14    5.281  0.377214  0.251662  0.094  0.441  0.752  0.907  0.907  0.907   14    0    0    0  GET /new_items/20.json HTTP/1.1
    2    5.236  2.618000  0.037000  2.581  2.655  2.655  2.655  2.655  2.655    2    0    0    0  GET /users/transactions.json?created_at=1565621924&item_id=46715 HTTP/1.1
    2    5.217  2.608500  0.070500  2.538  2.679  2.679  2.679  2.679  2.679    2    0    0    0  GET /users/transactions.json?created_at=1565621328&item_id=46124 HTTP/1.1
    2    5.176  2.588000  0.753000  1.835  3.341  3.341  3.341  3.341  3.341    1    0    1    0  GET /users/transactions.json?created_at=1565608314&item_id=33109 HTTP/1.1
    2    5.173  2.586500  0.075500  2.511  2.662  2.662  2.662  2.662  2.662    2    0    0    0  GET /users/transactions.json?created_at=1565612811&item_id=37610 HTTP/1.1
    2    5.025  2.512500  0.026500  2.486  2.539  2.539  2.539  2.539  2.539    2    0    0    0  GET /users/transactions.json?created_at=1565612898&item_id=37695 HTTP/1.1
    2    5.021  2.510500  0.017500  2.493  2.528  2.528  2.528  2.528  2.528    2    0    0    0  GET /users/transactions.json?created_at=1565617332&item_id=42131 HTTP/1.1

Top 20 Sort By Mean
Count    Total      Mean    Stddev    Min  P50.0  P90.0  P95.0  P99.0    Max  2xx  3xx  4xx  5xx  Request
    1    6.927  6.927000  0.000000  6.927  6.927  6.927  6.927  6.927  6.927    1    0    0    0  POST /initialize HTTP/1.1
    1    4.987  4.987000  0.000000  4.987  4.987  4.987  4.987  4.987  4.987    1    0    0    0  GET /users/transactions.json?created_at=1565586752&item_id=11549 HTTP/1.1
    1    4.974  4.974000  0.000000  4.974  4.974  4.974  4.974  4.974  4.974    1    0    0    0  GET /users/transactions.json?created_at=1565608912&item_id=33704 HTTP/1.1
    2    9.918  4.959000  0.051000  4.908  5.010  5.010  5.010  5.010  5.010    2    0    0    0  GET /users/transactions.json?created_at=1565621372&item_id=46171 HTTP/1.1
    2    8.415  4.207500  0.056500  4.151  4.264  4.264  4.264  4.264  4.264    2    0    0    0  GET /users/transactions.json?created_at=1565617293&item_id=42085 HTTP/1.1
    1    4.188  4.188000  0.000000  4.188  4.188  4.188  4.188  4.188  4.188    1    0    0    0  GET /users/transactions.json?created_at=1565596373&item_id=21167 HTTP/1.1
    2    8.373  4.186500  0.009500  4.177  4.196  4.196  4.196  4.196  4.196    2    0    0    0  GET /users/transactions.json?created_at=1565608848&item_id=33643 HTTP/1.1
    1    4.184  4.184000  0.000000  4.184  4.184  4.184  4.184  4.184  4.184    1    0    0    0  GET /users/transactions.json?created_at=1565600842&item_id=25638 HTTP/1.1
    1    4.146  4.146000  0.000000  4.146  4.146  4.146  4.146  4.146  4.146    1    0    0    0  GET /users/transactions.json?created_at=1565604436&item_id=29228 HTTP/1.1
    2    6.880  3.440000  0.051000  3.389  3.491  3.491  3.491  3.491  3.491    2    0    0    0  GET /users/transactions.json?created_at=1565612863&item_id=37653 HTTP/1.1
    2    6.878  3.439000  0.101000  3.338  3.540  3.540  3.540  3.540  3.540    2    0    0    0  GET /users/transactions.json?created_at=1565621412&item_id=46211 HTTP/1.1
    1    3.325  3.325000  0.000000  3.325  3.325  3.325  3.325  3.325  3.325    1    0    0    0  GET /users/transactions.json?created_at=1565612965&item_id=37756 HTTP/1.1
    1    3.298  3.298000  0.000000  3.298  3.298  3.298  3.298  3.298  3.298    1    0    0    0  GET /users/transactions.json?created_at=1565587796&item_id=12589 HTTP/1.1
  110  328.546  2.986782  1.766368  0.064  3.368  4.999  5.825  6.623  6.759  104    0    6    0  GET /users/transactions.json HTTP/1.1
    2    5.236  2.618000  0.037000  2.581  2.655  2.655  2.655  2.655  2.655    2    0    0    0  GET /users/transactions.json?created_at=1565621924&item_id=46715 HTTP/1.1
    1    2.617  2.617000  0.000000  2.617  2.617  2.617  2.617  2.617  2.617    1    0    0    0  GET /users/transactions.json?created_at=1565599819&item_id=24613 HTTP/1.1
    2    5.217  2.608500  0.070500  2.538  2.679  2.679  2.679  2.679  2.679    2    0    0    0  GET /users/transactions.json?created_at=1565621328&item_id=46124 HTTP/1.1
    2    5.176  2.588000  0.753000  1.835  3.341  3.341  3.341  3.341  3.341    1    0    1    0  GET /users/transactions.json?created_at=1565608314&item_id=33109 HTTP/1.1
    2    5.173  2.586500  0.075500  2.511  2.662  2.662  2.662  2.662  2.662    2    0    0    0  GET /users/transactions.json?created_at=1565612811&item_id=37610 HTTP/1.1
    1    2.550  2.550000  0.000000  2.550  2.550  2.550  2.550  2.550  2.550    1    0    0    0  GET /users/transactions.json?created_at=1565604282&item_id=29081 HTTP/1.1

Top 20 Sort By Standard Deviation
Count    Total      Mean    Stddev    Min  P50.0  P90.0  P95.0  P99.0    Max  2xx  3xx  4xx  5xx  Request
  110  328.546  2.986782  1.766368  0.064  3.368  4.999  5.825  6.623  6.759  104    0    6    0  GET /users/transactions.json HTTP/1.1
   52   48.055  0.924135  0.806172  0.001  1.627  1.645  1.684  1.712  1.712   27    0   25    0  POST /buy HTTP/1.1
    2    5.176  2.588000  0.753000  1.835  3.341  3.341  3.341  3.341  3.341    1    0    1    0  GET /users/transactions.json?created_at=1565608314&item_id=33109 HTTP/1.1
    2    3.739  1.869500  0.688500  1.181  2.558  2.558  2.558  2.558  2.558    1    0    1    0  GET /users/transactions.json?created_at=1565617438&item_id=42232 HTTP/1.1
    2    1.440  0.720000  0.507000  0.213  1.227  1.227  1.227  1.227  1.227    2    0    0    0  GET /users/804.json HTTP/1.1
   12    3.152  0.262667  0.408321  0.051  0.125  0.424  1.573  1.573  1.573   12    0    0    0  GET /new_items/1.json HTTP/1.1
   38   19.322  0.508474  0.400683  0.001  0.821  0.845  0.856  0.865  0.865   26    0   12    0  POST /ship HTTP/1.1
   41   20.930  0.510488  0.394672  0.001  0.816  0.835  0.838  0.886  0.886   23    0   18    0  POST /ship_done HTTP/1.1
   21   15.401  0.733381  0.309341  0.014  0.819  0.832  0.863  1.338  1.338   21    0    0    0  POST /complete HTTP/1.1
    4    1.547  0.386750  0.307234  0.128  0.327  0.904  0.904  0.904  0.904    4    0    0    0  GET /new_items/60.json?created_at=1565625009&item_id=49800 HTTP/1.1
   13    4.637  0.356692  0.281280  0.081  0.181  0.851  0.854  0.854  0.854   13    0    0    0  GET /new_items.json HTTP/1.1
    3    0.933  0.311000  0.281014  0.084  0.142  0.707  0.707  0.707  0.707    3    0    0    0  GET /users/1652.json HTTP/1.1
    2    0.713  0.356500  0.266500  0.090  0.623  0.623  0.623  0.623  0.623    2    0    0    0  GET /users/620.json HTTP/1.1
   14    5.281  0.377214  0.251662  0.094  0.441  0.752  0.907  0.907  0.907   14    0    0    0  GET /new_items/20.json HTTP/1.1
    5    1.603  0.320600  0.238522  0.148  0.244  0.787  0.787  0.787  0.787    5    0    0    0  GET /new_items/20.json?created_at=1565623073&item_id=47865 HTTP/1.1
    2    0.640  0.320000  0.235000  0.085  0.555  0.555  0.555  0.555  0.555    2    0    0    0  GET /users/1475.json HTTP/1.1
    2    0.616  0.308000  0.227000  0.081  0.535  0.535  0.535  0.535  0.535    2    0    0    0  GET /users/3180.json HTTP/1.1
    6    2.109  0.351500  0.210231  0.101  0.382  0.719  0.719  0.719  0.719    6    0    0    0  GET /new_items/20.json?created_at=1565624968&item_id=49763 HTTP/1.1
   18    4.345  0.241389  0.208094  0.062  0.160  0.644  0.826  0.826  0.826   18    0    0    0  GET /new_items/60.json HTTP/1.1
    5    1.571  0.314200  0.207244  0.069  0.415  0.574  0.574  0.574  0.574    5    0    0    0  GET /new_items/1.json?created_at=1565624531&item_id=49324 HTTP/1.1

Top 20 Sort By Maximum(100 Percentile)
Count    Total      Mean    Stddev    Min  P50.0  P90.0  P95.0  P99.0    Max  2xx  3xx  4xx  5xx  Request
    1    6.927  6.927000  0.000000  6.927  6.927  6.927  6.927  6.927  6.927    1    0    0    0  POST /initialize HTTP/1.1
  110  328.546  2.986782  1.766368  0.064  3.368  4.999  5.825  6.623  6.759  104    0    6    0  GET /users/transactions.json HTTP/1.1
    2    9.918  4.959000  0.051000  4.908  5.010  5.010  5.010  5.010  5.010    2    0    0    0  GET /users/transactions.json?created_at=1565621372&item_id=46171 HTTP/1.1
    1    4.987  4.987000  0.000000  4.987  4.987  4.987  4.987  4.987  4.987    1    0    0    0  GET /users/transactions.json?created_at=1565586752&item_id=11549 HTTP/1.1
    1    4.974  4.974000  0.000000  4.974  4.974  4.974  4.974  4.974  4.974    1    0    0    0  GET /users/transactions.json?created_at=1565608912&item_id=33704 HTTP/1.1
    2    8.415  4.207500  0.056500  4.151  4.264  4.264  4.264  4.264  4.264    2    0    0    0  GET /users/transactions.json?created_at=1565617293&item_id=42085 HTTP/1.1
    2    8.373  4.186500  0.009500  4.177  4.196  4.196  4.196  4.196  4.196    2    0    0    0  GET /users/transactions.json?created_at=1565608848&item_id=33643 HTTP/1.1
    1    4.188  4.188000  0.000000  4.188  4.188  4.188  4.188  4.188  4.188    1    0    0    0  GET /users/transactions.json?created_at=1565596373&item_id=21167 HTTP/1.1
    1    4.184  4.184000  0.000000  4.184  4.184  4.184  4.184  4.184  4.184    1    0    0    0  GET /users/transactions.json?created_at=1565600842&item_id=25638 HTTP/1.1
    1    4.146  4.146000  0.000000  4.146  4.146  4.146  4.146  4.146  4.146    1    0    0    0  GET /users/transactions.json?created_at=1565604436&item_id=29228 HTTP/1.1
    2    6.878  3.439000  0.101000  3.338  3.540  3.540  3.540  3.540  3.540    2    0    0    0  GET /users/transactions.json?created_at=1565621412&item_id=46211 HTTP/1.1
    2    6.880  3.440000  0.051000  3.389  3.491  3.491  3.491  3.491  3.491    2    0    0    0  GET /users/transactions.json?created_at=1565612863&item_id=37653 HTTP/1.1
    2    5.176  2.588000  0.753000  1.835  3.341  3.341  3.341  3.341  3.341    1    0    1    0  GET /users/transactions.json?created_at=1565608314&item_id=33109 HTTP/1.1
    1    3.325  3.325000  0.000000  3.325  3.325  3.325  3.325  3.325  3.325    1    0    0    0  GET /users/transactions.json?created_at=1565612965&item_id=37756 HTTP/1.1
    1    3.298  3.298000  0.000000  3.298  3.298  3.298  3.298  3.298  3.298    1    0    0    0  GET /users/transactions.json?created_at=1565587796&item_id=12589 HTTP/1.1
    2    5.217  2.608500  0.070500  2.538  2.679  2.679  2.679  2.679  2.679    2    0    0    0  GET /users/transactions.json?created_at=1565621328&item_id=46124 HTTP/1.1
    2    5.173  2.586500  0.075500  2.511  2.662  2.662  2.662  2.662  2.662    2    0    0    0  GET /users/transactions.json?created_at=1565612811&item_id=37610 HTTP/1.1
    2    5.236  2.618000  0.037000  2.581  2.655  2.655  2.655  2.655  2.655    2    0    0    0  GET /users/transactions.json?created_at=1565621924&item_id=46715 HTTP/1.1
    1    2.617  2.617000  0.000000  2.617  2.617  2.617  2.617  2.617  2.617    1    0    0    0  GET /users/transactions.json?created_at=1565599819&item_id=24613 HTTP/1.1
    2    3.739  1.869500  0.688500  1.181  2.558  2.558  2.558  2.558  2.558    1    0    1    0  GET /users/transactions.json?created_at=1565617438&item_id=42232 HTTP/1.1

TOP 37 Slow Requests
 1  6.927  POST /initialize HTTP/1.1
 2  6.759  GET /users/transactions.json HTTP/1.1
 3  6.623  GET /users/transactions.json HTTP/1.1
 4  6.558  GET /users/transactions.json HTTP/1.1
 5  6.122  GET /users/transactions.json HTTP/1.1
 6  5.841  GET /users/transactions.json HTTP/1.1
 7  5.825  GET /users/transactions.json HTTP/1.1
 8  5.407  GET /users/transactions.json HTTP/1.1
 9  5.081  GET /users/transactions.json HTTP/1.1
10  5.040  GET /users/transactions.json HTTP/1.1
11  5.010  GET /users/transactions.json?created_at=1565621372&item_id=46171 HTTP/1.1
12  5.010  GET /users/transactions.json HTTP/1.1
13  4.999  GET /users/transactions.json HTTP/1.1
14  4.998  GET /users/transactions.json HTTP/1.1
15  4.987  GET /users/transactions.json?created_at=1565586752&item_id=11549 HTTP/1.1
16  4.974  GET /users/transactions.json?created_at=1565608912&item_id=33704 HTTP/1.1
17  4.945  GET /users/transactions.json HTTP/1.1
18  4.939  GET /users/transactions.json HTTP/1.1
19  4.931  GET /users/transactions.json HTTP/1.1
20  4.908  GET /users/transactions.json?created_at=1565621372&item_id=46171 HTTP/1.1
21  4.904  GET /users/transactions.json HTTP/1.1
22  4.487  GET /users/transactions.json HTTP/1.1
23  4.458  GET /users/transactions.json HTTP/1.1
24  4.312  GET /users/transactions.json HTTP/1.1
25  4.309  GET /users/transactions.json HTTP/1.1
26  4.295  GET /users/transactions.json HTTP/1.1
27  4.291  GET /users/transactions.json HTTP/1.1
28  4.264  GET /users/transactions.json?created_at=1565617293&item_id=42085 HTTP/1.1
29  4.239  GET /users/transactions.json HTTP/1.1
30  4.234  GET /users/transactions.json HTTP/1.1
31  4.231  GET /users/transactions.json HTTP/1.1
32  4.229  GET /users/transactions.json HTTP/1.1
33  4.212  GET /users/transactions.json HTTP/1.1
34  4.205  GET /users/transactions.json HTTP/1.1
35  4.204  GET /users/transactions.json HTTP/1.1
36  4.196  GET /users/transactions.json?created_at=1565608848&item_id=33643 HTTP/1.1
37  4.189  GET /users/transactions.json HTTP/1.1
